[2024-05-01 21:58:23,265][__main__][INFO] - Data: count_vectorizer_data_lemma.npy; 
Pipeline params: {'memory': None, 'steps': [('dim_reducer', PCA(n_components=80)), ('classifier', <catboost.core.CatBoostClassifier object at 0x0000014DEAB85F90>)], 'verbose': False, 'dim_reducer': PCA(n_components=80), 'classifier': <catboost.core.CatBoostClassifier object at 0x0000014DEAB85F90>, 'dim_reducer__copy': True, 'dim_reducer__iterated_power': 'auto', 'dim_reducer__n_components': 80, 'dim_reducer__n_oversamples': 10, 'dim_reducer__power_iteration_normalizer': 'auto', 'dim_reducer__random_state': None, 'dim_reducer__svd_solver': 'auto', 'dim_reducer__tol': 0.0, 'dim_reducer__whiten': False, 'classifier__iterations': 2000, 'classifier__learning_rate': 0.005, 'classifier__depth': 11, 'classifier__loss_function': 'MultiClass', 'classifier__random_seed': 42, 'classifier__verbose': False, 'classifier__custom_loss': 'F1', 'classifier__task_type': 'GPU', 'classifier__early_stopping_rounds': 30}
[2024-05-01 21:58:23,269][__main__][INFO] - Scores on train set:
[2024-05-01 21:58:34,291][__main__][INFO] -               precision    recall  f1-score   support

           0       0.82      0.94      0.87     14573
           1       0.88      0.82      0.85     11117
           2       1.00      0.09      0.16      1327
           3       0.85      0.65      0.74       823

    accuracy                           0.84     27840
   macro avg       0.89      0.62      0.65     27840
weighted avg       0.85      0.84      0.83     27840

[2024-05-01 21:58:34,294][__main__][INFO] - Scores on validation set:
[2024-05-01 21:58:35,872][__main__][INFO] -               precision    recall  f1-score   support

           0       0.77      0.89      0.83      3123
           1       0.82      0.76      0.79      2382
           2       0.00      0.00      0.00       285
           3       0.70      0.56      0.62       176

    accuracy                           0.79      5966
   macro avg       0.57      0.55      0.56      5966
weighted avg       0.75      0.79      0.77      5966

[2024-05-01 21:58:35,872][__main__][INFO] - Scores on test set:
[2024-05-01 21:58:37,494][__main__][INFO] -               precision    recall  f1-score   support

           0       0.77      0.89      0.83      3122
           1       0.81      0.76      0.79      2383
           2       0.00      0.00      0.00       284
           3       0.65      0.53      0.58       177

    accuracy                           0.79      5966
   macro avg       0.56      0.54      0.55      5966
weighted avg       0.75      0.79      0.76      5966

