[2024-05-25 02:48:01,307][__main__][INFO] - Fine tuning result: rubert-tiny-2 with loss FocalLoss
[2024-05-25 02:48:01,308][__main__][INFO] - 1 epoch: {'loss': 0.9865, 'learning_rate': 1.994186046511628e-05, 'epoch': 0.29, 'step': 500}
[2024-05-25 02:48:01,308][__main__][INFO] - 2 epoch: {'loss': 0.6522, 'learning_rate': 1.9651162790697676e-05, 'epoch': 0.57, 'step': 1000}
[2024-05-25 02:48:01,309][__main__][INFO] - 3 epoch: {'loss': 0.6091, 'learning_rate': 1.9360465116279073e-05, 'epoch': 0.86, 'step': 1500}
[2024-05-25 02:48:01,309][__main__][INFO] - 4 epoch: {'eval_loss': 0.5659313201904297, 'eval_f1': 0.7769758150166866, 'eval_runtime': 5.0588, 'eval_samples_per_second': 707.682, 'eval_steps_per_second': 44.28, 'epoch': 1.0, 'step': 1740}
[2024-05-25 02:48:01,309][__main__][INFO] - 5 epoch: {'loss': 0.5767, 'learning_rate': 1.9069767441860468e-05, 'epoch': 1.15, 'step': 2000}
[2024-05-25 02:48:01,309][__main__][INFO] - 6 epoch: {'loss': 0.5573, 'learning_rate': 1.8779069767441862e-05, 'epoch': 1.44, 'step': 2500}
[2024-05-25 02:48:01,309][__main__][INFO] - 7 epoch: {'loss': 0.5491, 'learning_rate': 1.8488372093023256e-05, 'epoch': 1.72, 'step': 3000}
[2024-05-25 02:48:01,309][__main__][INFO] - 8 epoch: {'eval_loss': 0.5356826782226562, 'eval_f1': 0.784972795920704, 'eval_runtime': 8.5036, 'eval_samples_per_second': 420.996, 'eval_steps_per_second': 26.342, 'epoch': 2.0, 'step': 3480}
[2024-05-25 02:48:01,309][__main__][INFO] - 9 epoch: {'loss': 0.5507, 'learning_rate': 1.819767441860465e-05, 'epoch': 2.01, 'step': 3500}
[2024-05-25 02:48:01,309][__main__][INFO] - 10 epoch: {'loss': 0.5346, 'learning_rate': 1.790697674418605e-05, 'epoch': 2.3, 'step': 4000}
[2024-05-25 02:48:01,309][__main__][INFO] - 11 epoch: {'loss': 0.5222, 'learning_rate': 1.7616279069767443e-05, 'epoch': 2.59, 'step': 4500}
[2024-05-25 02:48:01,309][__main__][INFO] - 12 epoch: {'loss': 0.5281, 'learning_rate': 1.7325581395348837e-05, 'epoch': 2.87, 'step': 5000}
[2024-05-25 02:48:01,309][__main__][INFO] - 13 epoch: {'eval_loss': 0.5349637269973755, 'eval_f1': 0.7866203969522951, 'eval_runtime': 8.0736, 'eval_samples_per_second': 443.419, 'eval_steps_per_second': 27.745, 'epoch': 3.0, 'step': 5220}
[2024-05-25 02:48:01,309][__main__][INFO] - 14 epoch: {'loss': 0.5015, 'learning_rate': 1.703488372093023e-05, 'epoch': 3.16, 'step': 5500}
[2024-05-25 02:48:01,310][__main__][INFO] - 15 epoch: {'loss': 0.5022, 'learning_rate': 1.674418604651163e-05, 'epoch': 3.45, 'step': 6000}
[2024-05-25 02:48:01,310][__main__][INFO] - 16 epoch: {'loss': 0.5043, 'learning_rate': 1.6453488372093024e-05, 'epoch': 3.74, 'step': 6500}
[2024-05-25 02:48:01,310][__main__][INFO] - 17 epoch: {'eval_loss': 0.5192593336105347, 'eval_f1': 0.7894350952592012, 'eval_runtime': 7.6477, 'eval_samples_per_second': 468.116, 'eval_steps_per_second': 29.29, 'epoch': 4.0, 'step': 6960}
[2024-05-25 02:48:01,310][__main__][INFO] - 18 epoch: {'loss': 0.5054, 'learning_rate': 1.616279069767442e-05, 'epoch': 4.02, 'step': 7000}
[2024-05-25 02:48:01,310][__main__][INFO] - 19 epoch: {'loss': 0.4926, 'learning_rate': 1.5872093023255816e-05, 'epoch': 4.31, 'step': 7500}
[2024-05-25 02:48:01,310][__main__][INFO] - 20 epoch: {'loss': 0.4935, 'learning_rate': 1.558139534883721e-05, 'epoch': 4.6, 'step': 8000}
[2024-05-25 02:48:01,310][__main__][INFO] - 21 epoch: {'loss': 0.4781, 'learning_rate': 1.5290697674418608e-05, 'epoch': 4.89, 'step': 8500}
[2024-05-25 02:48:01,310][__main__][INFO] - 22 epoch: {'eval_loss': 0.5388988256454468, 'eval_f1': 0.7911518092533698, 'eval_runtime': 8.0805, 'eval_samples_per_second': 443.044, 'eval_steps_per_second': 27.721, 'epoch': 5.0, 'step': 8700}
[2024-05-25 02:48:01,310][__main__][INFO] - 23 epoch: {'loss': 0.4582, 'learning_rate': 1.5000000000000002e-05, 'epoch': 5.17, 'step': 9000}
[2024-05-25 02:48:01,310][__main__][INFO] - 24 epoch: {'loss': 0.471, 'learning_rate': 1.4709302325581396e-05, 'epoch': 5.46, 'step': 9500}
[2024-05-25 02:48:01,310][__main__][INFO] - 25 epoch: {'loss': 0.4755, 'learning_rate': 1.441860465116279e-05, 'epoch': 5.75, 'step': 10000}
[2024-05-25 02:48:01,310][__main__][INFO] - 26 epoch: {'eval_loss': 0.5329602956771851, 'eval_f1': 0.7949624115588169, 'eval_runtime': 8.2069, 'eval_samples_per_second': 436.216, 'eval_steps_per_second': 27.294, 'epoch': 6.0, 'step': 10440}
[2024-05-25 02:48:01,311][__main__][INFO] - 27 epoch: {'loss': 0.4502, 'learning_rate': 1.4127906976744189e-05, 'epoch': 6.03, 'step': 10500}
[2024-05-25 02:48:01,311][__main__][INFO] - 28 epoch: {'loss': 0.4603, 'learning_rate': 1.3837209302325583e-05, 'epoch': 6.32, 'step': 11000}
[2024-05-25 02:48:01,311][__main__][INFO] - 29 epoch: {'loss': 0.4399, 'learning_rate': 1.3546511627906977e-05, 'epoch': 6.61, 'step': 11500}
[2024-05-25 02:48:01,311][__main__][INFO] - 30 epoch: {'loss': 0.447, 'learning_rate': 1.3255813953488372e-05, 'epoch': 6.9, 'step': 12000}
[2024-05-25 02:48:01,311][__main__][INFO] - 31 epoch: {'eval_loss': 0.5233748555183411, 'eval_f1': 0.7968127585304317, 'eval_runtime': 8.5304, 'eval_samples_per_second': 419.674, 'eval_steps_per_second': 26.259, 'epoch': 7.0, 'step': 12180}
[2024-05-25 02:48:01,311][__main__][INFO] - 32 epoch: {'loss': 0.4381, 'learning_rate': 1.296511627906977e-05, 'epoch': 7.18, 'step': 12500}
[2024-05-25 02:48:01,311][__main__][INFO] - 33 epoch: {'loss': 0.4341, 'learning_rate': 1.2674418604651164e-05, 'epoch': 7.47, 'step': 13000}
[2024-05-25 02:48:01,311][__main__][INFO] - 34 epoch: {'loss': 0.4335, 'learning_rate': 1.238372093023256e-05, 'epoch': 7.76, 'step': 13500}
[2024-05-25 02:48:01,311][__main__][INFO] - 35 epoch: {'eval_loss': 0.5348622798919678, 'eval_f1': 0.8018485249758176, 'eval_runtime': 8.3041, 'eval_samples_per_second': 431.112, 'eval_steps_per_second': 26.975, 'epoch': 8.0, 'step': 13920}
[2024-05-25 02:48:01,311][__main__][INFO] - 36 epoch: {'loss': 0.4382, 'learning_rate': 1.2093023255813954e-05, 'epoch': 8.05, 'step': 14000}
[2024-05-25 02:48:01,311][__main__][INFO] - 37 epoch: {'loss': 0.4305, 'learning_rate': 1.180232558139535e-05, 'epoch': 8.33, 'step': 14500}
[2024-05-25 02:48:01,311][__main__][INFO] - 38 epoch: {'loss': 0.4138, 'learning_rate': 1.1511627906976746e-05, 'epoch': 8.62, 'step': 15000}
[2024-05-25 02:48:01,312][__main__][INFO] - 39 epoch: {'loss': 0.4146, 'learning_rate': 1.122093023255814e-05, 'epoch': 8.91, 'step': 15500}
[2024-05-25 02:48:01,312][__main__][INFO] - 40 epoch: {'eval_loss': 0.5439644455909729, 'eval_f1': 0.7934526114909234, 'eval_runtime': 7.9806, 'eval_samples_per_second': 448.588, 'eval_steps_per_second': 28.068, 'epoch': 9.0, 'step': 15660}
[2024-05-25 02:48:01,312][__main__][INFO] - 41 epoch: {'loss': 0.4027, 'learning_rate': 1.0930232558139535e-05, 'epoch': 9.2, 'step': 16000}
[2024-05-25 02:48:01,312][__main__][INFO] - 42 epoch: {'loss': 0.402, 'learning_rate': 1.063953488372093e-05, 'epoch': 9.48, 'step': 16500}
[2024-05-25 02:48:01,312][__main__][INFO] - 43 epoch: {'loss': 0.4166, 'learning_rate': 1.0348837209302327e-05, 'epoch': 9.77, 'step': 17000}
[2024-05-25 02:48:01,312][__main__][INFO] - 44 epoch: {'eval_loss': 0.556953489780426, 'eval_f1': 0.795652220180484, 'eval_runtime': 8.55, 'eval_samples_per_second': 418.716, 'eval_steps_per_second': 26.199, 'epoch': 10.0, 'step': 17400}
[2024-05-25 02:48:01,312][__main__][INFO] - 45 epoch: {'loss': 0.3983, 'learning_rate': 1.0058139534883721e-05, 'epoch': 10.06, 'step': 17500}
[2024-05-25 02:48:01,312][__main__][INFO] - 46 epoch: {'loss': 0.4052, 'learning_rate': 9.767441860465117e-06, 'epoch': 10.34, 'step': 18000}
[2024-05-25 02:48:01,312][__main__][INFO] - 47 epoch: {'loss': 0.3964, 'learning_rate': 9.476744186046513e-06, 'epoch': 10.63, 'step': 18500}
[2024-05-25 02:48:01,312][__main__][INFO] - 48 epoch: {'loss': 0.39, 'learning_rate': 9.186046511627908e-06, 'epoch': 10.92, 'step': 19000}
[2024-05-25 02:48:01,312][__main__][INFO] - 49 epoch: {'eval_loss': 0.566071629524231, 'eval_f1': 0.7963367660107188, 'eval_runtime': 8.0479, 'eval_samples_per_second': 444.836, 'eval_steps_per_second': 27.833, 'epoch': 11.0, 'step': 19140}
[2024-05-25 02:48:01,312][__main__][INFO] - {'train_runtime': 1563.2304, 'train_samples_per_second': 356.186, 'train_steps_per_second': 22.262, 'total_flos': 2258866065899520.0, 'train_loss': 0.48772067545349695, 'epoch': 11.0, 'step': 19140}
[2024-05-25 02:48:01,312][__main__][INFO] - 
              precision    recall  f1-score   support

       Видео       0.81      0.92      0.86      4371
          ДЗ       0.88      0.81      0.84      3336
     Лонгрид       0.18      0.01      0.02       398
        Тест       0.67      0.72      0.69       247

    accuracy                           0.83      8352
   macro avg       0.63      0.62      0.61      8352
weighted avg       0.80      0.83      0.81      8352

