[2024-05-26 02:38:50,551][__main__][INFO] - Fine tuning result: rubert-tiny-2 with loss CrossEntropyLoss
[2024-05-26 02:38:50,551][__main__][INFO] - 1 epoch: {'loss': 0.9459, 'learning_rate': 1.994186046511628e-05, 'epoch': 0.57, 'step': 500}
[2024-05-26 02:38:50,551][__main__][INFO] - 2 epoch: {'eval_loss': 0.5824315547943115, 'eval_f1': 0.7687883588250094, 'eval_runtime': 3.038, 'eval_samples_per_second': 1178.396, 'eval_steps_per_second': 36.866, 'epoch': 1.0, 'step': 870}
[2024-05-26 02:38:50,551][__main__][INFO] - 3 epoch: {'loss': 0.6137, 'learning_rate': 1.9651162790697676e-05, 'epoch': 1.15, 'step': 1000}
[2024-05-26 02:38:50,551][__main__][INFO] - 4 epoch: {'loss': 0.567, 'learning_rate': 1.9360465116279073e-05, 'epoch': 1.72, 'step': 1500}
[2024-05-26 02:38:50,551][__main__][INFO] - 5 epoch: {'eval_loss': 0.5485134720802307, 'eval_f1': 0.7753124607251357, 'eval_runtime': 3.1093, 'eval_samples_per_second': 1151.402, 'eval_steps_per_second': 36.022, 'epoch': 2.0, 'step': 1740}
[2024-05-26 02:38:50,551][__main__][INFO] - 6 epoch: {'loss': 0.5564, 'learning_rate': 1.9069767441860468e-05, 'epoch': 2.3, 'step': 2000}
[2024-05-26 02:38:50,551][__main__][INFO] - 7 epoch: {'loss': 0.5373, 'learning_rate': 1.8779069767441862e-05, 'epoch': 2.87, 'step': 2500}
[2024-05-26 02:38:50,551][__main__][INFO] - 8 epoch: {'eval_loss': 0.5386594533920288, 'eval_f1': 0.7835879150032892, 'eval_runtime': 3.0051, 'eval_samples_per_second': 1191.307, 'eval_steps_per_second': 37.27, 'epoch': 3.0, 'step': 2610}
[2024-05-26 02:38:50,551][__main__][INFO] - 9 epoch: {'loss': 0.521, 'learning_rate': 1.8488372093023256e-05, 'epoch': 3.45, 'step': 3000}
[2024-05-26 02:38:50,551][__main__][INFO] - 10 epoch: {'eval_loss': 0.5236843824386597, 'eval_f1': 0.7904117354608419, 'eval_runtime': 3.1644, 'eval_samples_per_second': 1131.323, 'eval_steps_per_second': 35.393, 'epoch': 4.0, 'step': 3480}
[2024-05-26 02:38:50,551][__main__][INFO] - 11 epoch: {'loss': 0.5172, 'learning_rate': 1.819767441860465e-05, 'epoch': 4.02, 'step': 3500}
[2024-05-26 02:38:50,551][__main__][INFO] - 12 epoch: {'loss': 0.5103, 'learning_rate': 1.790697674418605e-05, 'epoch': 4.6, 'step': 4000}
[2024-05-26 02:38:50,551][__main__][INFO] - 13 epoch: {'eval_loss': 0.5278351902961731, 'eval_f1': 0.7906625583532889, 'eval_runtime': 3.1523, 'eval_samples_per_second': 1135.683, 'eval_steps_per_second': 35.53, 'epoch': 5.0, 'step': 4350}
[2024-05-26 02:38:50,551][__main__][INFO] - 14 epoch: {'loss': 0.4843, 'learning_rate': 1.7616279069767443e-05, 'epoch': 5.17, 'step': 4500}
[2024-05-26 02:38:50,551][__main__][INFO] - 15 epoch: {'loss': 0.4955, 'learning_rate': 1.7325581395348837e-05, 'epoch': 5.75, 'step': 5000}
[2024-05-26 02:38:50,551][__main__][INFO] - 16 epoch: {'eval_loss': 0.5214573740959167, 'eval_f1': 0.7949426160034199, 'eval_runtime': 3.0733, 'eval_samples_per_second': 1164.869, 'eval_steps_per_second': 36.443, 'epoch': 6.0, 'step': 5220}
[2024-05-26 02:38:50,552][__main__][INFO] - 17 epoch: {'loss': 0.4777, 'learning_rate': 1.703488372093023e-05, 'epoch': 6.32, 'step': 5500}
[2024-05-26 02:38:50,552][__main__][INFO] - 18 epoch: {'loss': 0.4671, 'learning_rate': 1.674418604651163e-05, 'epoch': 6.9, 'step': 6000}
[2024-05-26 02:38:50,552][__main__][INFO] - 19 epoch: {'eval_loss': 0.5192910432815552, 'eval_f1': 0.7965991292453845, 'eval_runtime': 3.104, 'eval_samples_per_second': 1153.338, 'eval_steps_per_second': 36.082, 'epoch': 7.0, 'step': 6090}
[2024-05-26 02:38:50,552][__main__][INFO] - 20 epoch: {'loss': 0.4605, 'learning_rate': 1.6453488372093024e-05, 'epoch': 7.47, 'step': 6500}
[2024-05-26 02:38:50,552][__main__][INFO] - 21 epoch: {'eval_loss': 0.5337358117103577, 'eval_f1': 0.7951008476198828, 'eval_runtime': 3.1309, 'eval_samples_per_second': 1143.431, 'eval_steps_per_second': 35.772, 'epoch': 8.0, 'step': 6960}
[2024-05-26 02:38:50,552][__main__][INFO] - 22 epoch: {'loss': 0.4535, 'learning_rate': 1.616279069767442e-05, 'epoch': 8.05, 'step': 7000}
[2024-05-26 02:38:50,552][__main__][INFO] - 23 epoch: {'loss': 0.4472, 'learning_rate': 1.5872093023255816e-05, 'epoch': 8.62, 'step': 7500}
[2024-05-26 02:38:50,552][__main__][INFO] - 24 epoch: {'eval_loss': 0.539271354675293, 'eval_f1': 0.7918329882255484, 'eval_runtime': 3.114, 'eval_samples_per_second': 1149.648, 'eval_steps_per_second': 35.967, 'epoch': 9.0, 'step': 7830}
[2024-05-26 02:38:50,552][__main__][INFO] - 25 epoch: {'loss': 0.4379, 'learning_rate': 1.558139534883721e-05, 'epoch': 9.2, 'step': 8000}
[2024-05-26 02:38:50,552][__main__][INFO] - 26 epoch: {'loss': 0.4326, 'learning_rate': 1.5290697674418608e-05, 'epoch': 9.77, 'step': 8500}
[2024-05-26 02:38:50,552][__main__][INFO] - 27 epoch: {'eval_loss': 0.5348874926567078, 'eval_f1': 0.7960180307810607, 'eval_runtime': 3.2351, 'eval_samples_per_second': 1106.623, 'eval_steps_per_second': 34.621, 'epoch': 10.0, 'step': 8700}
[2024-05-26 02:38:50,552][__main__][INFO] - {'train_runtime': 625.733, 'train_samples_per_second': 1779.673, 'train_steps_per_second': 55.615, 'total_flos': 2053514605363200.0, 'train_loss': 0.5229073754672346, 'epoch': 10.0, 'step': 8700}
[2024-05-26 02:38:50,552][__main__][INFO] - 
              precision    recall  f1-score   support

       Видео       0.82      0.90      0.86      4371
          ДЗ       0.84      0.83      0.84      3336
     Лонгрид       0.15      0.01      0.01       398
        Тест       0.65      0.69      0.67       247

    accuracy                           0.82      8352
   macro avg       0.62      0.61      0.59      8352
weighted avg       0.79      0.82      0.80      8352

