    [2024-05-02 03:53:47,757][__main__][INFO] - Data: MiniLM_token_embeddings-mean.npy;
Pipeline params: {'memory': None, 'steps': [('dim_reducer', None), ('classifier', <catboost.core.CatBoostClassifier object at 0x0000013A0E50A6D0>)], 'verbose': False, 'dim_reducer': None, 'classifier': <catboost.core.CatBoostClassifier object at 0x0000013A0E50A6D0>, 'classifier__iterations': 1000, 'classifier__learning_rate': 0.01, 'classifier__depth': 9, 'classifier__loss_function': 'MultiClass', 'classifier__random_seed': 42, 'classifier__verbose': False, 'classifier__custom_loss': 'F1', 'classifier__task_type': 'GPU', 'classifier__early_stopping_rounds': 30}
[2024-05-02 03:53:47,758][__main__][INFO] - Scores on train set:
[2024-05-02 03:53:47,954][__main__][INFO] -               precision    recall  f1-score   support

           0       0.80      0.94      0.87     14573
           1       0.89      0.81      0.85     11117
           2       1.00      0.03      0.05      1327
           3       0.85      0.54      0.66       823

    accuracy                           0.84     27840
   macro avg       0.89      0.58      0.61     27840
weighted avg       0.85      0.84      0.81     27840

[2024-05-02 03:53:47,955][__main__][INFO] - Scores on validation set:
[2024-05-02 03:53:48,019][__main__][INFO] -               precision    recall  f1-score   support

           0       0.75      0.90      0.82      3123
           1       0.82      0.73      0.78      2382
           2       0.00      0.00      0.00       285
           3       0.69      0.38      0.49       176

    accuracy                           0.78      5966
   macro avg       0.57      0.50      0.52      5966
weighted avg       0.74      0.78      0.75      5966

[2024-05-02 03:53:48,020][__main__][INFO] - Scores on test set:
[2024-05-02 03:53:48,071][__main__][INFO] -               precision    recall  f1-score   support

           0       0.75      0.90      0.82      3122
           1       0.82      0.72      0.77      2383
           2       0.00      0.00      0.00       284
           3       0.67      0.34      0.45       177

    accuracy                           0.77      5966
   macro avg       0.56      0.49      0.51      5966
weighted avg       0.74      0.77      0.75      5966

