[2024-05-28 01:08:59,603][__main__][INFO] - Fine tuning result: ruRoberta with loss CrossEntropyLoss
[2024-05-28 01:08:59,603][__main__][INFO] - 1: {'loss': 1.0665, 'learning_rate': 1.995162070633769e-05, 'epoch': 0.24, 'step': 500}
[2024-05-28 01:08:59,603][__main__][INFO] - 2: {'loss': 0.8472, 'learning_rate': 1.9709724238026125e-05, 'epoch': 0.48, 'step': 1000}
[2024-05-28 01:08:59,603][__main__][INFO] - 3: {'loss': 0.7637, 'learning_rate': 1.9467827769714564e-05, 'epoch': 0.72, 'step': 1500}
[2024-05-28 01:08:59,603][__main__][INFO] - 4: {'loss': 0.7562, 'learning_rate': 1.9225931301403e-05, 'epoch': 0.96, 'step': 2000}
[2024-05-28 01:08:59,603][__main__][INFO] - 5: {'eval_loss': 0.8026538491249084, 'eval_f1': 0.5549875311720697, 'eval_roc_auc': 0.8359366819045919, 'eval_accuracy': 0.036273291925465835, 'eval_runtime': 36.6289, 'eval_samples_per_second': 109.886, 'eval_steps_per_second': 7.344, 'epoch': 1.0, 'step': 2087}
[2024-05-28 01:08:59,604][__main__][INFO] - 6: {'loss': 0.6675, 'learning_rate': 1.898403483309144e-05, 'epoch': 1.2, 'step': 2500}
[2024-05-28 01:08:59,604][__main__][INFO] - 7: {'loss': 0.6741, 'learning_rate': 1.8742138364779877e-05, 'epoch': 1.44, 'step': 3000}
[2024-05-28 01:08:59,604][__main__][INFO] - 8: {'loss': 0.6587, 'learning_rate': 1.8500241896468313e-05, 'epoch': 1.68, 'step': 3500}
[2024-05-28 01:08:59,604][__main__][INFO] - 9: {'loss': 0.6698, 'learning_rate': 1.825834542815675e-05, 'epoch': 1.92, 'step': 4000}
[2024-05-28 01:08:59,604][__main__][INFO] - 10: {'eval_loss': 0.7764159440994263, 'eval_f1': 0.6224546722454672, 'eval_roc_auc': 0.8735456553273072, 'eval_accuracy': 0.17763975155279504, 'eval_runtime': 36.3474, 'eval_samples_per_second': 110.737, 'eval_steps_per_second': 7.401, 'epoch': 2.0, 'step': 4174}
[2024-05-28 01:08:59,604][__main__][INFO] - 11: {'loss': 0.5901, 'learning_rate': 1.8016448959845187e-05, 'epoch': 2.16, 'step': 4500}
[2024-05-28 01:08:59,604][__main__][INFO] - 12: {'loss': 0.556, 'learning_rate': 1.7774552491533625e-05, 'epoch': 2.4, 'step': 5000}
[2024-05-28 01:08:59,604][__main__][INFO] - 13: {'loss': 0.5586, 'learning_rate': 1.7532656023222064e-05, 'epoch': 2.64, 'step': 5500}
[2024-05-28 01:08:59,604][__main__][INFO] - 14: {'loss': 0.5801, 'learning_rate': 1.72907595549105e-05, 'epoch': 2.87, 'step': 6000}
[2024-05-28 01:08:59,604][__main__][INFO] - 15: {'eval_loss': 0.8299465179443359, 'eval_f1': 0.6090523724873512, 'eval_roc_auc': 0.8663109766619417, 'eval_accuracy': 0.06906832298136646, 'eval_runtime': 36.3289, 'eval_samples_per_second': 110.793, 'eval_steps_per_second': 7.405, 'epoch': 3.0, 'step': 6261}
[2024-05-28 01:08:59,604][__main__][INFO] - 16: {'loss': 0.5146, 'learning_rate': 1.704886308659894e-05, 'epoch': 3.11, 'step': 6500}
[2024-05-28 01:08:59,604][__main__][INFO] - 17: {'loss': 0.4751, 'learning_rate': 1.6806966618287374e-05, 'epoch': 3.35, 'step': 7000}
[2024-05-28 01:08:59,605][__main__][INFO] - 18: {'loss': 0.4804, 'learning_rate': 1.6565070149975812e-05, 'epoch': 3.59, 'step': 7500}
[2024-05-28 01:08:59,605][__main__][INFO] - 19: {'loss': 0.5009, 'learning_rate': 1.6323173681664248e-05, 'epoch': 3.83, 'step': 8000}
[2024-05-28 01:08:59,605][__main__][INFO] - 20: {'eval_loss': 0.84061199426651, 'eval_f1': 0.6218148996736791, 'eval_roc_auc': 0.8741596542423483, 'eval_accuracy': 0.18906832298136647, 'eval_runtime': 36.7836, 'eval_samples_per_second': 109.424, 'eval_steps_per_second': 7.313, 'epoch': 4.0, 'step': 8348}
[2024-05-28 01:08:59,605][__main__][INFO] - 21: {'loss': 0.462, 'learning_rate': 1.6081277213352687e-05, 'epoch': 4.07, 'step': 8500}
[2024-05-28 01:08:59,605][__main__][INFO] - 22: {'loss': 0.4033, 'learning_rate': 1.5839380745041125e-05, 'epoch': 4.31, 'step': 9000}
[2024-05-28 01:08:59,605][__main__][INFO] - 23: {'loss': 0.4335, 'learning_rate': 1.559748427672956e-05, 'epoch': 4.55, 'step': 9500}
[2024-05-28 01:08:59,605][__main__][INFO] - 24: {'loss': 0.449, 'learning_rate': 1.5355587808417996e-05, 'epoch': 4.79, 'step': 10000}
[2024-05-28 01:08:59,605][__main__][INFO] - 25: {'eval_loss': 1.012502908706665, 'eval_f1': 0.6692430097749488, 'eval_roc_auc': 0.8916735330161137, 'eval_accuracy': 0.2919254658385093, 'eval_runtime': 36.2443, 'eval_samples_per_second': 111.052, 'eval_steps_per_second': 7.422, 'epoch': 5.0, 'step': 10435}
[2024-05-28 01:08:59,605][__main__][INFO] - 26: {'loss': 0.4272, 'learning_rate': 1.5113691340106435e-05, 'epoch': 5.03, 'step': 10500}
[2024-05-28 01:08:59,605][__main__][INFO] - 27: {'loss': 0.3745, 'learning_rate': 1.4871794871794874e-05, 'epoch': 5.27, 'step': 11000}
[2024-05-28 01:08:59,605][__main__][INFO] - 28: {'loss': 0.3823, 'learning_rate': 1.462989840348331e-05, 'epoch': 5.51, 'step': 11500}
[2024-05-28 01:08:59,605][__main__][INFO] - 29: {'loss': 0.4022, 'learning_rate': 1.4388001935171748e-05, 'epoch': 5.75, 'step': 12000}
[2024-05-28 01:08:59,605][__main__][INFO] - 30: {'loss': 0.3812, 'learning_rate': 1.4146105466860185e-05, 'epoch': 5.99, 'step': 12500}
[2024-05-28 01:08:59,606][__main__][INFO] - 31: {'eval_loss': 0.9996213912963867, 'eval_f1': 0.6296217443758427, 'eval_roc_auc': 0.8753158972904117, 'eval_accuracy': 0.10236024844720497, 'eval_runtime': 36.6316, 'eval_samples_per_second': 109.878, 'eval_steps_per_second': 7.343, 'epoch': 6.0, 'step': 12522}
[2024-05-28 01:08:59,606][__main__][INFO] - 32: {'loss': 0.3461, 'learning_rate': 1.3904208998548622e-05, 'epoch': 6.23, 'step': 13000}
[2024-05-28 01:08:59,606][__main__][INFO] - 33: {'loss': 0.3516, 'learning_rate': 1.366231253023706e-05, 'epoch': 6.47, 'step': 13500}
[2024-05-28 01:08:59,606][__main__][INFO] - 34: {'loss': 0.3455, 'learning_rate': 1.3420416061925496e-05, 'epoch': 6.71, 'step': 14000}
[2024-05-28 01:08:59,606][__main__][INFO] - 35: {'loss': 0.3659, 'learning_rate': 1.3178519593613935e-05, 'epoch': 6.95, 'step': 14500}
[2024-05-28 01:08:59,606][__main__][INFO] - 36: {'eval_loss': 1.2550792694091797, 'eval_f1': 0.6721946683199008, 'eval_roc_auc': 0.8876170393762854, 'eval_accuracy': 0.284472049689441, 'eval_runtime': 36.2194, 'eval_samples_per_second': 111.128, 'eval_steps_per_second': 7.427, 'epoch': 7.0, 'step': 14609}
[2024-05-28 01:08:59,606][__main__][INFO] - 37: {'loss': 0.3328, 'learning_rate': 1.2936623125302372e-05, 'epoch': 7.19, 'step': 15000}
[2024-05-28 01:08:59,606][__main__][INFO] - 38: {'loss': 0.3385, 'learning_rate': 1.269472665699081e-05, 'epoch': 7.43, 'step': 15500}
[2024-05-28 01:08:59,606][__main__][INFO] - 39: {'loss': 0.3405, 'learning_rate': 1.2452830188679246e-05, 'epoch': 7.67, 'step': 16000}
[2024-05-28 01:08:59,606][__main__][INFO] - 40: {'loss': 0.3164, 'learning_rate': 1.2210933720367683e-05, 'epoch': 7.91, 'step': 16500}
[2024-05-28 01:08:59,606][__main__][INFO] - 41: {'eval_loss': 1.2193814516067505, 'eval_f1': 0.6854143819520602, 'eval_roc_auc': 0.8954832034937198, 'eval_accuracy': 0.2981366459627329, 'eval_runtime': 36.8055, 'eval_samples_per_second': 109.359, 'eval_steps_per_second': 7.309, 'epoch': 8.0, 'step': 16696}
[2024-05-28 01:08:59,606][__main__][INFO] - 42: {'loss': 0.3176, 'learning_rate': 1.1969037252056122e-05, 'epoch': 8.15, 'step': 17000}
[2024-05-28 01:08:59,607][__main__][INFO] - 43: {'loss': 0.2958, 'learning_rate': 1.1727140783744557e-05, 'epoch': 8.39, 'step': 17500}
[2024-05-28 01:08:59,607][__main__][INFO] - 44: {'loss': 0.3147, 'learning_rate': 1.1485244315432994e-05, 'epoch': 8.62, 'step': 18000}
[2024-05-28 01:08:59,607][__main__][INFO] - 45: {'loss': 0.3278, 'learning_rate': 1.1243347847121433e-05, 'epoch': 8.86, 'step': 18500}
[2024-05-28 01:08:59,607][__main__][INFO] - 46: {'eval_loss': 1.219861388206482, 'eval_f1': 0.6697254722031047, 'eval_roc_auc': 0.8894083343917534, 'eval_accuracy': 0.18559006211180124, 'eval_runtime': 36.8327, 'eval_samples_per_second': 109.278, 'eval_steps_per_second': 7.303, 'epoch': 9.0, 'step': 18783}
[2024-05-28 01:08:59,607][__main__][INFO] - 47: {'loss': 0.3091, 'learning_rate': 1.100145137880987e-05, 'epoch': 9.1, 'step': 19000}
[2024-05-28 01:08:59,607][__main__][INFO] - 48: {'loss': 0.2858, 'learning_rate': 1.0759554910498307e-05, 'epoch': 9.34, 'step': 19500}
[2024-05-28 01:08:59,607][__main__][INFO] - 49: {'loss': 0.3048, 'learning_rate': 1.0517658442186744e-05, 'epoch': 9.58, 'step': 20000}
[2024-05-28 01:08:59,607][__main__][INFO] - 50: {'loss': 0.2978, 'learning_rate': 1.0275761973875183e-05, 'epoch': 9.82, 'step': 20500}
[2024-05-28 01:08:59,607][__main__][INFO] - 51: {'eval_loss': 1.434295415878296, 'eval_f1': 0.7408177408177409, 'eval_roc_auc': 0.9085265314229287, 'eval_accuracy': 0.4991304347826087, 'eval_runtime': 36.9172, 'eval_samples_per_second': 109.028, 'eval_steps_per_second': 7.287, 'epoch': 10.0, 'step': 20870}
[2024-05-28 01:08:59,607][__main__][INFO] - 52: {'loss': 0.2817, 'learning_rate': 1.003386550556362e-05, 'epoch': 10.06, 'step': 21000}
[2024-05-28 01:08:59,607][__main__][INFO] - 53: {'loss': 0.2762, 'learning_rate': 9.791969037252057e-06, 'epoch': 10.3, 'step': 21500}
[2024-05-28 01:08:59,607][__main__][INFO] - 54: {'loss': 0.2825, 'learning_rate': 9.550072568940494e-06, 'epoch': 10.54, 'step': 22000}
[2024-05-28 01:08:59,607][__main__][INFO] - 55: {'loss': 0.2791, 'learning_rate': 9.308176100628931e-06, 'epoch': 10.78, 'step': 22500}
[2024-05-28 01:08:59,608][__main__][INFO] - 56: {'eval_loss': 1.452893614768982, 'eval_f1': 0.7434382061533112, 'eval_roc_auc': 0.9094623287578956, 'eval_accuracy': 0.4859627329192547, 'eval_runtime': 37.0802, 'eval_samples_per_second': 108.549, 'eval_steps_per_second': 7.255, 'epoch': 11.0, 'step': 22957}
[2024-05-28 01:08:59,608][__main__][INFO] - 57: {'loss': 0.2784, 'learning_rate': 9.066279632317369e-06, 'epoch': 11.02, 'step': 23000}
[2024-05-28 01:08:59,608][__main__][INFO] - 58: {'loss': 0.268, 'learning_rate': 8.824383164005806e-06, 'epoch': 11.26, 'step': 23500}
[2024-05-28 01:08:59,608][__main__][INFO] - 59: {'loss': 0.2751, 'learning_rate': 8.582486695694243e-06, 'epoch': 11.5, 'step': 24000}
[2024-05-28 01:08:59,608][__main__][INFO] - 60: {'loss': 0.2676, 'learning_rate': 8.340590227382681e-06, 'epoch': 11.74, 'step': 24500}
[2024-05-28 01:08:59,608][__main__][INFO] - 61: {'loss': 0.2628, 'learning_rate': 8.098693759071119e-06, 'epoch': 11.98, 'step': 25000}
[2024-05-28 01:08:59,608][__main__][INFO] - 62: {'eval_loss': 1.5107110738754272, 'eval_f1': 0.7326032594636545, 'eval_roc_auc': 0.9037627742613382, 'eval_accuracy': 0.48372670807453416, 'eval_runtime': 36.9298, 'eval_samples_per_second': 108.991, 'eval_steps_per_second': 7.284, 'epoch': 12.0, 'step': 25044}
[2024-05-28 01:08:59,608][__main__][INFO] - 63: {'loss': 0.2538, 'learning_rate': 7.856797290759556e-06, 'epoch': 12.22, 'step': 25500}
[2024-05-28 01:08:59,608][__main__][INFO] - 64: {'loss': 0.2606, 'learning_rate': 7.614900822447993e-06, 'epoch': 12.46, 'step': 26000}
[2024-05-28 01:08:59,608][__main__][INFO] - 65: {'loss': 0.2551, 'learning_rate': 7.373004354136431e-06, 'epoch': 12.7, 'step': 26500}
[2024-05-28 01:08:59,608][__main__][INFO] - 66: {'loss': 0.2603, 'learning_rate': 7.131107885824867e-06, 'epoch': 12.94, 'step': 27000}
[2024-05-28 01:08:59,608][__main__][INFO] - 67: {'eval_loss': 1.502669334411621, 'eval_f1': 0.7237950792045837, 'eval_roc_auc': 0.9041259267264823, 'eval_accuracy': 0.4188819875776397, 'eval_runtime': 36.4918, 'eval_samples_per_second': 110.299, 'eval_steps_per_second': 7.372, 'epoch': 13.0, 'step': 27131}
[2024-05-28 01:08:59,608][__main__][INFO] - 68: {'loss': 0.2524, 'learning_rate': 6.889211417513305e-06, 'epoch': 13.18, 'step': 27500}
[2024-05-28 01:08:59,609][__main__][INFO] - 69: {'loss': 0.2567, 'learning_rate': 6.647314949201742e-06, 'epoch': 13.42, 'step': 28000}
[2024-05-28 01:08:59,609][__main__][INFO] - 70: {'loss': 0.2527, 'learning_rate': 6.40541848089018e-06, 'epoch': 13.66, 'step': 28500}
[2024-05-28 01:08:59,609][__main__][INFO] - 71: {'loss': 0.2451, 'learning_rate': 6.163522012578617e-06, 'epoch': 13.9, 'step': 29000}
[2024-05-28 01:08:59,609][__main__][INFO] - 72: {'eval_loss': 1.508707880973816, 'eval_f1': 0.7452565003513703, 'eval_roc_auc': 0.9074995318775603, 'eval_accuracy': 0.5018633540372671, 'eval_runtime': 36.6393, 'eval_samples_per_second': 109.855, 'eval_steps_per_second': 7.342, 'epoch': 14.0, 'step': 29218}
[2024-05-28 01:08:59,609][__main__][INFO] - 73: {'loss': 0.2373, 'learning_rate': 5.921625544267055e-06, 'epoch': 14.14, 'step': 29500}
[2024-05-28 01:08:59,609][__main__][INFO] - 74: {'loss': 0.2314, 'learning_rate': 5.679729075955491e-06, 'epoch': 14.37, 'step': 30000}
[2024-05-28 01:08:59,609][__main__][INFO] - 75: {'loss': 0.239, 'learning_rate': 5.437832607643929e-06, 'epoch': 14.61, 'step': 30500}
[2024-05-28 01:08:59,609][__main__][INFO] - 76: {'loss': 0.2357, 'learning_rate': 5.195936139332366e-06, 'epoch': 14.85, 'step': 31000}
[2024-05-28 01:08:59,609][__main__][INFO] - 77: {'eval_loss': 1.6491864919662476, 'eval_f1': 0.7650750341064119, 'eval_roc_auc': 0.9110685571541788, 'eval_accuracy': 0.5607453416149069, 'eval_runtime': 36.4958, 'eval_samples_per_second': 110.287, 'eval_steps_per_second': 7.371, 'epoch': 15.0, 'step': 31305}
[2024-05-28 01:08:59,609][__main__][INFO] - 78: {'loss': 0.2426, 'learning_rate': 4.954039671020803e-06, 'epoch': 15.09, 'step': 31500}
[2024-05-28 01:08:59,609][__main__][INFO] - 79: {'loss': 0.2273, 'learning_rate': 4.712143202709241e-06, 'epoch': 15.33, 'step': 32000}
[2024-05-28 01:08:59,609][__main__][INFO] - 80: {'loss': 0.2272, 'learning_rate': 4.470246734397678e-06, 'epoch': 15.57, 'step': 32500}
[2024-05-28 01:08:59,610][__main__][INFO] - 81: {'loss': 0.226, 'learning_rate': 4.228350266086115e-06, 'epoch': 15.81, 'step': 33000}
[2024-05-28 01:08:59,610][__main__][INFO] - 82: {'eval_loss': 1.6392227411270142, 'eval_f1': 0.7638145358860358, 'eval_roc_auc': 0.9109072057857387, 'eval_accuracy': 0.5450931677018633, 'eval_runtime': 36.5725, 'eval_samples_per_second': 110.055, 'eval_steps_per_second': 7.355, 'epoch': 16.0, 'step': 33392}
[2024-05-28 01:08:59,610][__main__][INFO] - 83: {'loss': 0.2373, 'learning_rate': 3.986453797774553e-06, 'epoch': 16.05, 'step': 33500}
[2024-05-28 01:08:59,610][__main__][INFO] - 84: {'loss': 0.2219, 'learning_rate': 3.74455732946299e-06, 'epoch': 16.29, 'step': 34000}
[2024-05-28 01:08:59,610][__main__][INFO] - 85: {'loss': 0.2149, 'learning_rate': 3.502660861151427e-06, 'epoch': 16.53, 'step': 34500}
[2024-05-28 01:08:59,610][__main__][INFO] - 86: {'loss': 0.236, 'learning_rate': 3.2607643928398647e-06, 'epoch': 16.77, 'step': 35000}
[2024-05-28 01:08:59,610][__main__][INFO] - 87: {'eval_loss': 1.6223775148391724, 'eval_f1': 0.7652237045103912, 'eval_roc_auc': 0.9118595853407786, 'eval_accuracy': 0.5530434782608695, 'eval_runtime': 36.4414, 'eval_samples_per_second': 110.451, 'eval_steps_per_second': 7.382, 'epoch': 17.0, 'step': 35479}
[2024-05-28 01:08:59,610][__main__][INFO] - 88: {'loss': 0.2199, 'learning_rate': 3.018867924528302e-06, 'epoch': 17.01, 'step': 35500}
[2024-05-28 01:08:59,610][__main__][INFO] - 89: {'loss': 0.2129, 'learning_rate': 2.7769714562167393e-06, 'epoch': 17.25, 'step': 36000}
[2024-05-28 01:08:59,610][__main__][INFO] - 90: {'loss': 0.2218, 'learning_rate': 2.5350749879051768e-06, 'epoch': 17.49, 'step': 36500}
[2024-05-28 01:08:59,610][__main__][INFO] - 91: {'loss': 0.2307, 'learning_rate': 2.293178519593614e-06, 'epoch': 17.73, 'step': 37000}
[2024-05-28 01:08:59,610][__main__][INFO] - 92: {'loss': 0.2117, 'learning_rate': 2.0512820512820513e-06, 'epoch': 17.97, 'step': 37500}
[2024-05-28 01:08:59,610][__main__][INFO] - 93: {'eval_loss': 1.6626843214035034, 'eval_f1': 0.7650761791807317, 'eval_roc_auc': 0.9100995953790659, 'eval_accuracy': 0.5659627329192547, 'eval_runtime': 36.6421, 'eval_samples_per_second': 109.846, 'eval_steps_per_second': 7.341, 'epoch': 18.0, 'step': 37566}
[2024-05-28 01:08:59,611][__main__][INFO] - 94: {'loss': 0.2172, 'learning_rate': 1.8093855829704886e-06, 'epoch': 18.21, 'step': 38000}
[2024-05-28 01:08:59,611][__main__][INFO] - 95: {'loss': 0.2144, 'learning_rate': 1.5674891146589261e-06, 'epoch': 18.45, 'step': 38500}
[2024-05-28 01:08:59,611][__main__][INFO] - 96: {'loss': 0.2167, 'learning_rate': 1.3255926463473634e-06, 'epoch': 18.69, 'step': 39000}
[2024-05-28 01:08:59,611][__main__][INFO] - 97: {'loss': 0.2156, 'learning_rate': 1.0836961780358007e-06, 'epoch': 18.93, 'step': 39500}
[2024-05-28 01:08:59,611][__main__][INFO] - 98: {'eval_loss': 1.6864725351333618, 'eval_f1': 0.7735448759339544, 'eval_roc_auc': 0.912644232556215, 'eval_accuracy': 0.5828571428571429, 'eval_runtime': 36.5583, 'eval_samples_per_second': 110.098, 'eval_steps_per_second': 7.358, 'epoch': 19.0, 'step': 39653}
[2024-05-28 01:08:59,611][__main__][INFO] - 99: {'loss': 0.2107, 'learning_rate': 8.417997097242381e-07, 'epoch': 19.17, 'step': 40000}
[2024-05-28 01:08:59,611][__main__][INFO] - 100: {'loss': 0.2158, 'learning_rate': 5.999032414126754e-07, 'epoch': 19.41, 'step': 40500}
[2024-05-28 01:08:59,611][__main__][INFO] - 101: {'loss': 0.2149, 'learning_rate': 3.5800677310111277e-07, 'epoch': 19.65, 'step': 41000}
[2024-05-28 01:08:59,611][__main__][INFO] - 102: {'loss': 0.2059, 'learning_rate': 1.1611030478955008e-07, 'epoch': 19.89, 'step': 41500}
[2024-05-28 01:08:59,611][__main__][INFO] - 103: {'eval_loss': 1.7084097862243652, 'eval_f1': 0.7788865056420778, 'eval_roc_auc': 0.9129365345562948, 'eval_accuracy': 0.5960248447204969, 'eval_runtime': 36.525, 'eval_samples_per_second': 110.199, 'eval_steps_per_second': 7.365, 'epoch': 20.0, 'step': 41740}
[2024-05-28 01:08:59,611][__main__][INFO] - {'train_runtime': 19910.3685, 'train_samples_per_second': 31.44, 'train_steps_per_second': 2.096, 'total_flos': 5.833802502451814e+17, 'train_loss': 0.3528795102479987, 'epoch': 20.0, 'step': 41740}
[2024-05-28 01:09:36,471][__main__][INFO] - 
validation: {'eval_loss': 1.7084097862243652, 'eval_f1': 0.7788865056420778, 'eval_roc_auc': 0.9129365345562948, 'eval_accuracy': 0.5960248447204969, 'eval_runtime': 36.8541, 'eval_samples_per_second': 109.214, 'eval_steps_per_second': 7.299, 'epoch': 20.0}
[2024-05-28 01:11:01,513][__main__][INFO] - 
test: {'eval_loss': 1.6136369705200195, 'eval_f1': 0.7822318526543879, 'eval_roc_auc': 0.9154340317888661, 'eval_accuracy': 0.601171458998935, 'eval_runtime': 85.0354, 'eval_samples_per_second': 110.425, 'eval_steps_per_second': 7.362, 'epoch': 20.0}
