[2024-05-01 21:52:31,686][__main__][INFO] - Data: tfidf_vectorizer_data_lemma.npy; 
Pipeline params: {'memory': None, 'steps': [('dim_reducer', PCA(n_components=80)), ('classifier', <catboost.core.CatBoostClassifier object at 0x000001F860D36F10>)], 'verbose': False, 'dim_reducer': PCA(n_components=80), 'classifier': <catboost.core.CatBoostClassifier object at 0x000001F860D36F10>, 'dim_reducer__copy': True, 'dim_reducer__iterated_power': 'auto', 'dim_reducer__n_components': 80, 'dim_reducer__n_oversamples': 10, 'dim_reducer__power_iteration_normalizer': 'auto', 'dim_reducer__random_state': None, 'dim_reducer__svd_solver': 'auto', 'dim_reducer__tol': 0.0, 'dim_reducer__whiten': False, 'classifier__iterations': 2000, 'classifier__learning_rate': 0.005, 'classifier__depth': 11, 'classifier__loss_function': 'MultiClass', 'classifier__random_seed': 42, 'classifier__verbose': False, 'classifier__custom_loss': 'F1', 'classifier__task_type': 'GPU', 'classifier__early_stopping_rounds': 30}
[2024-05-01 21:52:31,688][__main__][INFO] - Scores on train set:
[2024-05-01 21:52:36,337][__main__][INFO] -               precision    recall  f1-score   support

           0       0.83      0.95      0.89     14573
           1       0.91      0.84      0.87     11117
           2       0.99      0.07      0.12      1327
           3       0.81      0.68      0.74       823

    accuracy                           0.86     27840
   macro avg       0.88      0.63      0.65     27840
weighted avg       0.87      0.86      0.84     27840

[2024-05-01 21:52:36,337][__main__][INFO] - Scores on validation set:
[2024-05-01 21:52:37,376][__main__][INFO] -               precision    recall  f1-score   support

           0       0.77      0.90      0.83      3123
           1       0.83      0.76      0.79      2382
           2       0.00      0.00      0.00       285
           3       0.70      0.59      0.64       176

    accuracy                           0.79      5966
   macro avg       0.57      0.56      0.56      5966
weighted avg       0.76      0.79      0.77      5966

[2024-05-01 21:52:37,377][__main__][INFO] - Scores on test set:
[2024-05-01 21:52:38,630][__main__][INFO] -               precision    recall  f1-score   support

           0       0.78      0.90      0.83      3122
           1       0.83      0.77      0.80      2383
           2       0.00      0.00      0.00       284
           3       0.72      0.57      0.64       177

    accuracy                           0.80      5966
   macro avg       0.58      0.56      0.57      5966
weighted avg       0.76      0.80      0.77      5966

