[2024-05-25 03:44:12,691][__main__][INFO] - Fine tuning result: ruRoberta with loss FocalLoss
[2024-05-25 03:44:12,692][__main__][INFO] - 1 epoch: {'loss': 0.7028, 'learning_rate': 1.994186046511628e-05, 'epoch': 0.29, 'step': 500}
[2024-05-25 03:44:12,692][__main__][INFO] - 2 epoch: {'loss': 0.5666, 'learning_rate': 1.9651162790697676e-05, 'epoch': 0.57, 'step': 1000}
[2024-05-25 03:44:12,692][__main__][INFO] - 3 epoch: {'loss': 0.5638, 'learning_rate': 1.9360465116279073e-05, 'epoch': 0.86, 'step': 1500}
[2024-05-25 03:44:12,692][__main__][INFO] - 4 epoch: {'eval_loss': 0.6115750074386597, 'eval_f1': 0.7550969834886596, 'eval_runtime': 32.1781, 'eval_samples_per_second': 111.256, 'eval_steps_per_second': 6.961, 'epoch': 1.0, 'step': 1740}
[2024-05-25 03:44:12,692][__main__][INFO] - 5 epoch: {'loss': 0.5089, 'learning_rate': 1.9069767441860468e-05, 'epoch': 1.15, 'step': 2000}
[2024-05-25 03:44:12,692][__main__][INFO] - 6 epoch: {'loss': 0.495, 'learning_rate': 1.8779069767441862e-05, 'epoch': 1.44, 'step': 2500}
[2024-05-25 03:44:12,692][__main__][INFO] - 7 epoch: {'loss': 0.474, 'learning_rate': 1.8488372093023256e-05, 'epoch': 1.72, 'step': 3000}
[2024-05-25 03:44:12,692][__main__][INFO] - 8 epoch: {'eval_loss': 0.4890598654747009, 'eval_f1': 0.8103516231934814, 'eval_runtime': 32.2019, 'eval_samples_per_second': 111.173, 'eval_steps_per_second': 6.956, 'epoch': 2.0, 'step': 3480}
[2024-05-25 03:44:12,693][__main__][INFO] - 9 epoch: {'loss': 0.4714, 'learning_rate': 1.819767441860465e-05, 'epoch': 2.01, 'step': 3500}
[2024-05-25 03:44:12,693][__main__][INFO] - 10 epoch: {'loss': 0.4038, 'learning_rate': 1.790697674418605e-05, 'epoch': 2.3, 'step': 4000}
[2024-05-25 03:44:12,693][__main__][INFO] - 11 epoch: {'loss': 0.4066, 'learning_rate': 1.7616279069767443e-05, 'epoch': 2.59, 'step': 4500}
[2024-05-25 03:44:12,693][__main__][INFO] - 12 epoch: {'loss': 0.4108, 'learning_rate': 1.7325581395348837e-05, 'epoch': 2.87, 'step': 5000}
[2024-05-25 03:44:12,693][__main__][INFO] - 13 epoch: {'eval_loss': 0.582861065864563, 'eval_f1': 0.7988859282640011, 'eval_runtime': 32.583, 'eval_samples_per_second': 109.873, 'eval_steps_per_second': 6.875, 'epoch': 3.0, 'step': 5220}
[2024-05-25 03:44:12,693][__main__][INFO] - 14 epoch: {'loss': 0.3534, 'learning_rate': 1.703488372093023e-05, 'epoch': 3.16, 'step': 5500}
[2024-05-25 03:44:12,693][__main__][INFO] - 15 epoch: {'loss': 0.34, 'learning_rate': 1.674418604651163e-05, 'epoch': 3.45, 'step': 6000}
[2024-05-25 03:44:12,693][__main__][INFO] - 16 epoch: {'loss': 0.3372, 'learning_rate': 1.6453488372093024e-05, 'epoch': 3.74, 'step': 6500}
[2024-05-25 03:44:12,693][__main__][INFO] - 17 epoch: {'eval_loss': 0.5963006019592285, 'eval_f1': 0.8093257736164523, 'eval_runtime': 31.9425, 'eval_samples_per_second': 112.077, 'eval_steps_per_second': 7.013, 'epoch': 4.0, 'step': 6960}
[2024-05-25 03:44:12,693][__main__][INFO] - 18 epoch: {'loss': 0.3489, 'learning_rate': 1.616279069767442e-05, 'epoch': 4.02, 'step': 7000}
[2024-05-25 03:44:12,693][__main__][INFO] - 19 epoch: {'loss': 0.2669, 'learning_rate': 1.5872093023255816e-05, 'epoch': 4.31, 'step': 7500}
[2024-05-25 03:44:12,693][__main__][INFO] - 20 epoch: {'loss': 0.2998, 'learning_rate': 1.558139534883721e-05, 'epoch': 4.6, 'step': 8000}
[2024-05-25 03:44:12,693][__main__][INFO] - 21 epoch: {'loss': 0.2789, 'learning_rate': 1.5290697674418608e-05, 'epoch': 4.89, 'step': 8500}
[2024-05-25 03:44:12,694][__main__][INFO] - 22 epoch: {'eval_loss': 0.7582007646560669, 'eval_f1': 0.8193562592134321, 'eval_runtime': 32.1634, 'eval_samples_per_second': 111.307, 'eval_steps_per_second': 6.964, 'epoch': 5.0, 'step': 8700}
[2024-05-25 03:44:12,694][__main__][INFO] - 23 epoch: {'loss': 0.2369, 'learning_rate': 1.5000000000000002e-05, 'epoch': 5.17, 'step': 9000}
[2024-05-25 03:44:12,694][__main__][INFO] - 24 epoch: {'loss': 0.2293, 'learning_rate': 1.4709302325581396e-05, 'epoch': 5.46, 'step': 9500}
[2024-05-25 03:44:12,694][__main__][INFO] - 25 epoch: {'loss': 0.2439, 'learning_rate': 1.441860465116279e-05, 'epoch': 5.75, 'step': 10000}
[2024-05-25 03:44:12,694][__main__][INFO] - 26 epoch: {'eval_loss': 0.7524603605270386, 'eval_f1': 0.8096996053906541, 'eval_runtime': 32.3738, 'eval_samples_per_second': 110.583, 'eval_steps_per_second': 6.919, 'epoch': 6.0, 'step': 10440}
[2024-05-25 03:44:12,694][__main__][INFO] - 27 epoch: {'loss': 0.2344, 'learning_rate': 1.4127906976744189e-05, 'epoch': 6.03, 'step': 10500}
[2024-05-25 03:44:12,694][__main__][INFO] - 28 epoch: {'loss': 0.1843, 'learning_rate': 1.3837209302325583e-05, 'epoch': 6.32, 'step': 11000}
[2024-05-25 03:44:12,694][__main__][INFO] - 29 epoch: {'loss': 0.1894, 'learning_rate': 1.3546511627906977e-05, 'epoch': 6.61, 'step': 11500}
[2024-05-25 03:44:12,694][__main__][INFO] - 30 epoch: {'loss': 0.1972, 'learning_rate': 1.3255813953488372e-05, 'epoch': 6.9, 'step': 12000}
[2024-05-25 03:44:12,694][__main__][INFO] - 31 epoch: {'eval_loss': 1.0605179071426392, 'eval_f1': 0.8129282880712949, 'eval_runtime': 32.5731, 'eval_samples_per_second': 109.907, 'eval_steps_per_second': 6.877, 'epoch': 7.0, 'step': 12180}
[2024-05-25 03:44:12,694][__main__][INFO] - 32 epoch: {'loss': 0.1638, 'learning_rate': 1.296511627906977e-05, 'epoch': 7.18, 'step': 12500}
[2024-05-25 03:44:12,694][__main__][INFO] - 33 epoch: {'loss': 0.1551, 'learning_rate': 1.2674418604651164e-05, 'epoch': 7.47, 'step': 13000}
[2024-05-25 03:44:12,695][__main__][INFO] - 34 epoch: {'loss': 0.1671, 'learning_rate': 1.238372093023256e-05, 'epoch': 7.76, 'step': 13500}
[2024-05-25 03:44:12,695][__main__][INFO] - 35 epoch: {'eval_loss': 1.1250048875808716, 'eval_f1': 0.8182509701220785, 'eval_runtime': 32.0367, 'eval_samples_per_second': 111.747, 'eval_steps_per_second': 6.992, 'epoch': 8.0, 'step': 13920}
[2024-05-25 03:44:12,695][__main__][INFO] - {'train_runtime': 6564.232, 'train_samples_per_second': 84.823, 'train_steps_per_second': 5.301, 'total_flos': 2.0756115584188416e+17, 'train_loss': 0.3363817395835087, 'epoch': 8.0, 'step': 13920}
[2024-05-25 03:44:12,695][__main__][INFO] - 
              precision    recall  f1-score   support

       Видео       0.83      0.90      0.87      4371
          ДЗ       0.89      0.81      0.85      3336
     Лонгрид       0.22      0.15      0.18       398
        Тест       0.62      0.71      0.66       247

    accuracy                           0.83      8352
   macro avg       0.64      0.64      0.64      8352
weighted avg       0.82      0.83      0.82      8352

