[2024-05-26 01:38:51,542][__main__][INFO] - Fine tuning result: ruRoberta with loss CrossEntropyLoss
[2024-05-26 01:38:51,542][__main__][INFO] - 1 epoch: {'loss': 0.6829, 'learning_rate': 1.994186046511628e-05, 'epoch': 0.29, 'step': 500}
[2024-05-26 01:38:51,542][__main__][INFO] - 2 epoch: {'loss': 0.5652, 'learning_rate': 1.9651162790697676e-05, 'epoch': 0.57, 'step': 1000}
[2024-05-26 01:38:51,542][__main__][INFO] - 3 epoch: {'loss': 0.5555, 'learning_rate': 1.9360465116279073e-05, 'epoch': 0.86, 'step': 1500}
[2024-05-26 01:38:51,543][__main__][INFO] - 4 epoch: {'eval_loss': 0.5635564923286438, 'eval_f1': 0.7758870318189169, 'eval_runtime': 31.9356, 'eval_samples_per_second': 112.101, 'eval_steps_per_second': 7.014, 'epoch': 1.0, 'step': 1740}
[2024-05-26 01:38:51,543][__main__][INFO] - 5 epoch: {'loss': 0.4935, 'learning_rate': 1.9069767441860468e-05, 'epoch': 1.15, 'step': 2000}
[2024-05-26 01:38:51,543][__main__][INFO] - 6 epoch: {'loss': 0.474, 'learning_rate': 1.8779069767441862e-05, 'epoch': 1.44, 'step': 2500}
[2024-05-26 01:38:51,543][__main__][INFO] - 7 epoch: {'loss': 0.4583, 'learning_rate': 1.8488372093023256e-05, 'epoch': 1.72, 'step': 3000}
[2024-05-26 01:38:51,543][__main__][INFO] - 8 epoch: {'eval_loss': 0.4967890977859497, 'eval_f1': 0.8155625551513882, 'eval_runtime': 32.0241, 'eval_samples_per_second': 111.791, 'eval_steps_per_second': 6.995, 'epoch': 2.0, 'step': 3480}
[2024-05-26 01:38:51,543][__main__][INFO] - 9 epoch: {'loss': 0.4607, 'learning_rate': 1.819767441860465e-05, 'epoch': 2.01, 'step': 3500}
[2024-05-26 01:38:51,543][__main__][INFO] - 10 epoch: {'loss': 0.3917, 'learning_rate': 1.790697674418605e-05, 'epoch': 2.3, 'step': 4000}
[2024-05-26 01:38:51,543][__main__][INFO] - 11 epoch: {'loss': 0.389, 'learning_rate': 1.7616279069767443e-05, 'epoch': 2.59, 'step': 4500}
[2024-05-26 01:38:51,543][__main__][INFO] - 12 epoch: {'loss': 0.396, 'learning_rate': 1.7325581395348837e-05, 'epoch': 2.87, 'step': 5000}
[2024-05-26 01:38:51,543][__main__][INFO] - 13 epoch: {'eval_loss': 0.5941912531852722, 'eval_f1': 0.804917233426373, 'eval_runtime': 31.9727, 'eval_samples_per_second': 111.97, 'eval_steps_per_second': 7.006, 'epoch': 3.0, 'step': 5220}
[2024-05-26 01:38:51,543][__main__][INFO] - 14 epoch: {'loss': 0.3456, 'learning_rate': 1.703488372093023e-05, 'epoch': 3.16, 'step': 5500}
[2024-05-26 01:38:51,543][__main__][INFO] - 15 epoch: {'loss': 0.3183, 'learning_rate': 1.674418604651163e-05, 'epoch': 3.45, 'step': 6000}
[2024-05-26 01:38:51,543][__main__][INFO] - 16 epoch: {'loss': 0.3351, 'learning_rate': 1.6453488372093024e-05, 'epoch': 3.74, 'step': 6500}
[2024-05-26 01:38:51,544][__main__][INFO] - 17 epoch: {'eval_loss': 0.6063584089279175, 'eval_f1': 0.8007227801014909, 'eval_runtime': 31.9635, 'eval_samples_per_second': 112.003, 'eval_steps_per_second': 7.008, 'epoch': 4.0, 'step': 6960}
[2024-05-26 01:38:51,544][__main__][INFO] - 18 epoch: {'loss': 0.3325, 'learning_rate': 1.616279069767442e-05, 'epoch': 4.02, 'step': 7000}
[2024-05-26 01:38:51,544][__main__][INFO] - 19 epoch: {'loss': 0.2658, 'learning_rate': 1.5872093023255816e-05, 'epoch': 4.31, 'step': 7500}
[2024-05-26 01:38:51,544][__main__][INFO] - 20 epoch: {'loss': 0.2757, 'learning_rate': 1.558139534883721e-05, 'epoch': 4.6, 'step': 8000}
[2024-05-26 01:38:51,544][__main__][INFO] - 21 epoch: {'loss': 0.262, 'learning_rate': 1.5290697674418608e-05, 'epoch': 4.89, 'step': 8500}
[2024-05-26 01:38:51,544][__main__][INFO] - 22 epoch: {'eval_loss': 0.6971786022186279, 'eval_f1': 0.8216585583056328, 'eval_runtime': 32.2982, 'eval_samples_per_second': 110.842, 'eval_steps_per_second': 6.935, 'epoch': 5.0, 'step': 8700}
[2024-05-26 01:38:51,544][__main__][INFO] - 23 epoch: {'loss': 0.2303, 'learning_rate': 1.5000000000000002e-05, 'epoch': 5.17, 'step': 9000}
[2024-05-26 01:38:51,544][__main__][INFO] - 24 epoch: {'loss': 0.2155, 'learning_rate': 1.4709302325581396e-05, 'epoch': 5.46, 'step': 9500}
[2024-05-26 01:38:51,544][__main__][INFO] - 25 epoch: {'loss': 0.2396, 'learning_rate': 1.441860465116279e-05, 'epoch': 5.75, 'step': 10000}
[2024-05-26 01:38:51,544][__main__][INFO] - 26 epoch: {'eval_loss': 0.7970845103263855, 'eval_f1': 0.8105949094767975, 'eval_runtime': 32.232, 'eval_samples_per_second': 111.07, 'eval_steps_per_second': 6.95, 'epoch': 6.0, 'step': 10440}
[2024-05-26 01:38:51,544][__main__][INFO] - 27 epoch: {'loss': 0.2198, 'learning_rate': 1.4127906976744189e-05, 'epoch': 6.03, 'step': 10500}
[2024-05-26 01:38:51,545][__main__][INFO] - 28 epoch: {'loss': 0.1813, 'learning_rate': 1.3837209302325583e-05, 'epoch': 6.32, 'step': 11000}
[2024-05-26 01:38:51,545][__main__][INFO] - 29 epoch: {'loss': 0.1731, 'learning_rate': 1.3546511627906977e-05, 'epoch': 6.61, 'step': 11500}
[2024-05-26 01:38:51,545][__main__][INFO] - 30 epoch: {'loss': 0.1827, 'learning_rate': 1.3255813953488372e-05, 'epoch': 6.9, 'step': 12000}
[2024-05-26 01:38:51,545][__main__][INFO] - 31 epoch: {'eval_loss': 0.9427281618118286, 'eval_f1': 0.8178225474387018, 'eval_runtime': 32.1476, 'eval_samples_per_second': 111.361, 'eval_steps_per_second': 6.968, 'epoch': 7.0, 'step': 12180}
[2024-05-26 01:38:51,545][__main__][INFO] - 32 epoch: {'loss': 0.1619, 'learning_rate': 1.296511627906977e-05, 'epoch': 7.18, 'step': 12500}
[2024-05-26 01:38:51,545][__main__][INFO] - 33 epoch: {'loss': 0.149, 'learning_rate': 1.2674418604651164e-05, 'epoch': 7.47, 'step': 13000}
[2024-05-26 01:38:51,545][__main__][INFO] - 34 epoch: {'loss': 0.153, 'learning_rate': 1.238372093023256e-05, 'epoch': 7.76, 'step': 13500}
[2024-05-26 01:38:51,545][__main__][INFO] - 35 epoch: {'eval_loss': 1.1223706007003784, 'eval_f1': 0.8210202078442286, 'eval_runtime': 32.2232, 'eval_samples_per_second': 111.1, 'eval_steps_per_second': 6.952, 'epoch': 8.0, 'step': 13920}
[2024-05-26 01:38:51,545][__main__][INFO] - {'train_runtime': 6523.7591, 'train_samples_per_second': 85.35, 'train_steps_per_second': 5.334, 'total_flos': 2.0756115584188416e+17, 'train_loss': 0.32440802694737225, 'epoch': 8.0, 'step': 13920}
[2024-05-26 01:38:51,545][__main__][INFO] - 
              precision    recall  f1-score   support

       Видео       0.84      0.92      0.88      4371
          ДЗ       0.89      0.83      0.86      3336
     Лонгрид       0.31      0.15      0.20       398
        Тест       0.65      0.74      0.69       247

    accuracy                           0.84      8352
   macro avg       0.67      0.66      0.66      8352
weighted avg       0.83      0.84      0.83      8352

